<?xml version="1.0" encoding="UTF-8"?>
<testng-results skipped="0" failed="0" ignored="0" total="1" passed="1">
  <reporter-output>
  </reporter-output>
  <suite name="Default suite" duration-ms="58666" started-at="2019-03-13T11:24:53Z" finished-at="2019-03-13T11:25:52Z">
    <groups>
    </groups>
    <test name="Default test" duration-ms="58666" started-at="2019-03-13T11:24:53Z" finished-at="2019-03-13T11:25:52Z">
      <class name="TestPackage.SampleTest">
        <test-method status="PASS" signature="base_init()[pri:0, instance:TestPackage.SampleTest@6d78f375]" name="base_init" is-config="true" duration-ms="20852" started-at="2019-03-13T16:54:53Z" finished-at="2019-03-13T16:55:14Z">
          <reporter-output>
          </reporter-output>
        </test-method> <!-- base_init -->
        <test-method status="PASS" signature="Setup()[pri:0, instance:TestPackage.SampleTest@6d78f375]" name="Setup" is-config="true" duration-ms="1132" started-at="2019-03-13T16:55:14Z" finished-at="2019-03-13T16:55:15Z">
          <reporter-output>
          </reporter-output>
        </test-method> <!-- Setup -->
        <test-method status="PASS" signature="HelloWorld_Success()[pri:0, instance:TestPackage.SampleTest@6d78f375]" name="HelloWorld_Success" duration-ms="32354" started-at="2019-03-13T16:55:15Z" finished-at="2019-03-13T16:55:48Z">
          <reporter-output>
          </reporter-output>
        </test-method> <!-- HelloWorld_Success -->
        <test-method status="PASS" signature="End()[pri:0, instance:TestPackage.SampleTest@6d78f375]" name="End" is-config="true" duration-ms="965" started-at="2019-03-13T16:55:48Z" finished-at="2019-03-13T16:55:49Z">
          <reporter-output>
          </reporter-output>
        </test-method> <!-- End -->
        <test-method status="PASS" signature="end_init()[pri:0, instance:TestPackage.SampleTest@6d78f375]" name="end_init" is-config="true" duration-ms="3344" started-at="2019-03-13T16:55:49Z" finished-at="2019-03-13T16:55:52Z">
          <reporter-output>
          </reporter-output>
        </test-method> <!-- end_init -->
      </class> <!-- TestPackage.SampleTest -->
    </test> <!-- Default test -->
  </suite> <!-- Default suite -->
</testng-results>
